<?xml version="1.0" encoding="UTF-8"?>
<!-- Generated by org.testng.reporters.JUnitReportReporter -->
<testsuite skipped="0" hostname="LNOR050337" name="com.practice.TestNGExample.SampleTestOne" tests="1" failures="0" timestamp="08 apr 2019 14:18:24 GMT" time="11.883" errors="0">
  <testcase name="TestMethod" time="11.883" classname="com.practice.TestNGExample.SampleTestOne"/>
</testsuite> <!-- com.practice.TestNGExample.SampleTestOne -->
